{"C:\\Users\\ADMIN\\Desktop\\learning_vue\\src\\components\\ActionButton.vue": {"path":"C:\\Users\\ADMIN\\Desktop\\learning_vue\\src\\components\\ActionButton.vue","statementMap":{"0":{"start":{"line":4,"column":0},"end":{"line":6,"column":3}},"1":{"start":{"line":7,"column":0},"end":{"line":7,"column":25}},"2":{"start":{"line":8,"column":15},"end":{"line":35,"column":1}},"3":{"start":{"line":19,"column":8},"end":{"line":19,"column":56}},"4":{"start":{"line":25,"column":6},"end":{"line":27,"column":8}},"5":{"start":{"line":32,"column":6},"end":{"line":32,"column":23}},"6":{"start":{"line":38,"column":0},"end":{"line":38,"column":13}},"7":{"start":{"line":40,"column":0},"end":{"line":42,"column":3}},"8":{"start":{"line":43,"column":0},"end":{"line":43,"column":24}},"9":{"start":{"line":44,"column":11},"end":{"line":44,"column":25}},"10":{"start":{"line":46,"column":2},"end":{"line":48,"column":67}},"11":{"start":{"line":49,"column":2},"end":{"line":49,"column":49}}},"fnMap":{"0":{"name":"(anonymous_0)","decl":{"start":{"line":18,"column":6},"end":{"line":18,"column":7}},"loc":{"start":{"line":18,"column":23},"end":{"line":20,"column":7}},"line":18},"1":{"name":"(anonymous_1)","decl":{"start":{"line":24,"column":4},"end":{"line":24,"column":5}},"loc":{"start":{"line":24,"column":18},"end":{"line":28,"column":5}},"line":24},"2":{"name":"(anonymous_2)","decl":{"start":{"line":31,"column":4},"end":{"line":31,"column":5}},"loc":{"start":{"line":31,"column":19},"end":{"line":33,"column":5}},"line":31},"3":{"name":"render","decl":{"start":{"line":45,"column":9},"end":{"line":45,"column":15}},"loc":{"start":{"line":45,"column":30},"end":{"line":49,"column":1}},"line":45}},"branchMap":{},"s":{"0":1,"1":1,"2":1,"3":4,"4":0,"5":0,"6":1,"7":1,"8":1,"9":1,"10":0,"11":1},"f":{"0":4,"1":0,"2":0,"3":0},"b":{},"inputSourceMap":{"0":"{","1":"\"","2":"v","3":"e","4":"r","5":"s","6":"i","7":"o","8":"n","9":"\"","10":":","11":"3","12":",","13":"\"","14":"s","15":"o","16":"u","17":"r","18":"c","19":"e","20":"s","21":"\"","22":":","23":"[","24":"\"","25":"C","26":":","27":"\\","28":"\\","29":"U","30":"s","31":"e","32":"r","33":"s","34":"\\","35":"\\","36":"A","37":"D","38":"M","39":"I","40":"N","41":"\\","42":"\\","43":"D","44":"e","45":"s","46":"k","47":"t","48":"o","49":"p","50":"\\","51":"\\","52":"l","53":"e","54":"a","55":"r","56":"n","57":"i","58":"n","59":"g","60":"_","61":"v","62":"u","63":"e","64":"\\","65":"\\","66":"s","67":"r","68":"c","69":"\\","70":"\\","71":"c","72":"o","73":"m","74":"p","75":"o","76":"n","77":"e","78":"n","79":"t","80":"s","81":"\\","82":"\\","83":"A","84":"c","85":"t","86":"i","87":"o","88":"n","89":"B","90":"u","91":"t","92":"t","93":"o","94":"n","95":".","96":"v","97":"u","98":"e","99":"\"","100":"]","101":",","102":"\"","103":"n","104":"a","105":"m","106":"e","107":"s","108":"\"","109":":","110":"[","111":"]","112":",","113":"\"","114":"m","115":"a","116":"p","117":"p","118":"i","119":"n","120":"g","121":"s","122":"\"","123":":","124":"\"","125":";","126":";","127":";","128":";","129":";","130":";","131":";","132":"e","133":"A","134":"O","135":"e","136":";","137":"E","138":"A","139":"C","140":"b","141":",","142":"I","143":"A","144":"A","145":"I","146":",","147":"E","148":"A","149":"A","150":"E","151":",","152":"c","153":"A","154":"A","155":"c","156":";","157":"E","158":"A","159":"C","160":"p","161":"B","162":",","163":"K","164":"A","165":"A","166":"K","167":",","168":"E","169":"A","170":"A","171":"E","172":";","173":"I","174":"A","175":"C","176":"L","177":",","178":"O","179":"A","180":"A","181":"O","182":",","183":"E","184":"A","185":"A","186":"E","187":";","188":"M","189":"A","190":"C","191":"P","192":",","193":"I","194":"A","195":"A","196":"I","197":",","198":"E","199":"A","200":"A","201":"E","202":",","203":"M","204":"A","205":"A","206":"M","207":";","208":"M","209":"A","210":"C","211":"Z","212":",","213":"O","214":"A","215":"A","216":"O","217":",","218":"E","219":"A","220":"A","221":"E","222":";","223":"I","224":"A","225":"C","226":"X","227":",","228":"C","229":"A","230":"A","231":"C","232":";","233":"I","234":"A","235":"C","236":"D","237":",","238":"I","239":"A","240":"A","241":"I","242":",","243":"E","244":"A","245":"A","246":"E","247":";","248":"M","249":"A","250":"C","251":"J","252":",","253":"I","254":"A","255":"A","256":"I","257":",","258":"E","259":"A","260":"A","261":"E","262":",","263":"M","264":"A","265":"A","266":"M","267":";","268":"M","269":"A","270":"C","271":"Z","272":",","273":"O","274":"A","275":"A","276":"O","277":",","278":"E","279":"A","280":"A","281":"E","282":",","283":"E","284":"A","285":"A","286":"E","287":";","288":"M","289":"A","290":"C","291":"X","292":",","293":"S","294":"A","295":"A","296":"S","297":",","298":"C","299":"A","300":"A","301":"C","302":",","303":"K","304":"A","305":"A","306":"K","307":",","308":"E","309":"A","310":"A","311":"E","312":";","313":"Q","314":"A","315":"C","316":"f","317":",","318":"O","319":"A","320":"A","321":"O","322":",","323":"C","324":"A","325":"A","326":"C","327":",","328":"S","329":"A","330":"A","331":"S","332":",","333":"E","334":"A","335":"A","336":"E","337":",","338":"W","339":"A","340":"A","341":"W","342":",","343":"C","344":"A","345":"A","346":"C","347":",","348":"C","349":"A","350":"A","351":"C","352":",","353":"Q","354":"A","355":"A","356":"Q","357":",","358":"C","359":"A","360":"A","361":"C","362":",","363":"K","364":"A","365":"A","366":"K","367":",","368":"C","369":"A","370":"A","371":"C","372":";","373":"M","374":"A","375":"C","376":"j","377":"D","378":";","379":"I","380":"A","381":"C","382":"F","383":";","384":"E","385":"A","386":"C","387":"F","388":",","389":"C","390":"A","391":"A","392":"C","393":";","394":"E","395":"A","396":"C","397":"D","398":",","399":"Q","400":"A","401":"A","402":"Q","403":",","404":"E","405":"A","406":"A","407":"E","408":";","409":"I","410":"A","411":"C","412":"R","413":",","414":"W","415":"A","416":"A","417":"W","418":",","419":"G","420":"A","421":"A","422":"G","423":";","424":"M","425":"A","426":"C","427":"Z","428":",","429":"O","430":"A","431":"A","432":"O","433":";","434":"Q","435":"A","436":"C","437":"L","438":",","439":"C","440":"A","441":"A","442":"C","443":",","444":"I","445":"A","446":"A","447":"I","448":",","449":"C","450":"A","451":"A","452":"C","453":",","454":"I","455":"A","456":"A","457":"I","458":",","459":"G","460":"A","461":"A","462":"G","463":";","464":"M","465":"A","466":"C","467":"f","468":",","469":"C","470":"A","471":"A","472":"C","473":";","474":"I","475":"A","476":"C","477":"H","478":";","479":"E","480":"A","481":"C","482":"F","483":",","484":"C","485":"A","486":"A","487":"C","488":";","489":"E","490":"A","491":"C","492":"D","493":",","494":"O","495":"A","496":"A","497":"O","498":",","499":"E","500":"A","501":"A","502":"E","503":";","504":"I","505":"A","506":"C","507":"P","508":",","509":"Y","510":"A","511":"A","512":"Y","513":",","514":"G","515":"A","516":"A","517":"G","518":";","519":"M","520":"A","521":"C","522":"b","523":",","524":"I","525":"A","526":"A","527":"I","528":",","529":"C","530":"A","531":"A","532":"C","533":",","534":"M","535":"A","536":"A","537":"M","538":",","539":"I","540":"A","541":"A","542":"I","543":",","544":"C","545":"A","546":"A","547":"C","548":";","549":"I","550":"A","551":"C","552":"l","553":"B","554":";","555":"E","556":"A","557":"C","558":"F","559":";","560":"A","561":"A","562":"C","563":"F","564":",","565":"C","566":"A","567":"A","568":"C","569":";","570":"A","571":"A","572":"A","573":"A","574":";","575":"A","576":"A","577":"A","578":"A","579":"\"","580":",","581":"\"","582":"f","583":"i","584":"l","585":"e","586":"\"","587":":","588":"\"","589":"C","590":":","591":"\\","592":"\\","593":"U","594":"s","595":"e","596":"r","597":"s","598":"\\","599":"\\","600":"A","601":"D","602":"M","603":"I","604":"N","605":"\\","606":"\\","607":"D","608":"e","609":"s","610":"k","611":"t","612":"o","613":"p","614":"\\","615":"\\","616":"l","617":"e","618":"a","619":"r","620":"n","621":"i","622":"n","623":"g","624":"_","625":"v","626":"u","627":"e","628":"\\","629":"\\","630":"s","631":"r","632":"c","633":"\\","634":"\\","635":"c","636":"o","637":"m","638":"p","639":"o","640":"n","641":"e","642":"n","643":"t","644":"s","645":"\\","646":"\\","647":"A","648":"c","649":"t","650":"i","651":"o","652":"n","653":"B","654":"u","655":"t","656":"t","657":"o","658":"n","659":".","660":"v","661":"u","662":"e","663":"\"","664":",","665":"\"","666":"s","667":"o","668":"u","669":"r","670":"c","671":"e","672":"s","673":"C","674":"o","675":"n","676":"t","677":"e","678":"n","679":"t","680":"\"","681":":","682":"[","683":"\"","684":"<","685":"t","686":"e","687":"m","688":"p","689":"l","690":"a","691":"t","692":"e","693":">","694":"\\","695":"n","696":" ","697":" ","698":"<","699":"b","700":"u","701":"t","702":"t","703":"o","704":"n","705":" ","706":":","707":"c","708":"l","709":"a","710":"s","711":"s","712":"=","713":"\\","714":"\"","715":"b","716":"u","717":"t","718":"t","719":"o","720":"n","721":"C","722":"l","723":"a","724":"s","725":"s","726":"\\","727":"\"","728":">","729":"\\","730":"n","731":" ","732":" ","733":" ","734":" ","735":"{","736":"{","737":" ","738":"b","739":"t","740":"n","741":"T","742":"e","743":"x","744":"t","745":" ","746":"}","747":"}","748":"\\","749":"n","750":" ","751":" ","752":"<","753":"/","754":"b","755":"u","756":"t","757":"t","758":"o","759":"n","760":">","761":"\\","762":"n","763":"<","764":"/","765":"t","766":"e","767":"m","768":"p","769":"l","770":"a","771":"t","772":"e","773":">","774":"\\","775":"n","776":"\\","777":"n","778":"<","779":"s","780":"c","781":"r","782":"i","783":"p","784":"t","785":">","786":"\\","787":"n","788":"e","789":"x","790":"p","791":"o","792":"r","793":"t","794":" ","795":"d","796":"e","797":"f","798":"a","799":"u","800":"l","801":"t","802":" ","803":"{","804":"\\","805":"n","806":" ","807":" ","808":"n","809":"a","810":"m","811":"e","812":":","813":" ","814":"\\","815":"\"","816":"A","817":"c","818":"t","819":"i","820":"o","821":"n","822":"B","823":"u","824":"t","825":"t","826":"o","827":"n","828":"\\","829":"\"","830":",","831":"\\","832":"n","833":" ","834":" ","835":"p","836":"r","837":"o","838":"p","839":"s","840":":","841":" ","842":"{","843":"\\","844":"n","845":" ","846":" ","847":" ","848":" ","849":"b","850":"t","851":"n","852":"T","853":"e","854":"x","855":"t","856":":","857":" ","858":"{","859":"\\","860":"n","861":" ","862":" ","863":" ","864":" ","865":" ","866":" ","867":"t","868":"y","869":"p","870":"e","871":":","872":" ","873":"S","874":"t","875":"r","876":"i","877":"n","878":"g","879":",","880":"\\","881":"n","882":" ","883":" ","884":" ","885":" ","886":" ","887":" ","888":"d","889":"e","890":"f","891":"a","892":"u","893":"l","894":"t","895":":","896":" ","897":"\\","898":"\"","899":"\\","900":"\"","901":",","902":"\\","903":"n","904":" ","905":" ","906":" ","907":" ","908":"}","909":",","910":"\\","911":"n","912":" ","913":" ","914":" ","915":" ","916":"t","917":"y","918":"p","919":"e","920":":","921":" ","922":"{","923":"\\","924":"n","925":" ","926":" ","927":" ","928":" ","929":" ","930":" ","931":"t","932":"y","933":"p","934":"e","935":":","936":" ","937":"S","938":"t","939":"r","940":"i","941":"n","942":"g","943":",","944":"\\","945":"n","946":" ","947":" ","948":" ","949":" ","950":" ","951":" ","952":"d","953":"e","954":"f","955":"a","956":"u","957":"l","958":"t","959":":","960":" ","961":"\\","962":"\"","963":"\\","964":"\"","965":",","966":"\\","967":"n","968":" ","969":" ","970":" ","971":" ","972":" ","973":" ","974":"v","975":"a","976":"l","977":"i","978":"d","979":"a","980":"t","981":"o","982":"r","983":"(","984":"v","985":"a","986":"l","987":"u","988":"e","989":")","990":" ","991":"{","992":"\\","993":"n","994":" ","995":" ","996":" ","997":" ","998":" ","999":" ","1000":" ","1001":" ","1002":"r","1003":"e","1004":"t","1005":"u","1006":"r","1007":"n","1008":" ","1009":"[","1010":"\\","1011":"\"","1012":"p","1013":"r","1014":"i","1015":"m","1016":"a","1017":"r","1018":"y","1019":"\\","1020":"\"","1021":",","1022":" ","1023":"\\","1024":"\"","1025":"s","1026":"e","1027":"c","1028":"o","1029":"n","1030":"d","1031":"a","1032":"r","1033":"y","1034":"\\","1035":"\"","1036":"]","1037":".","1038":"i","1039":"n","1040":"c","1041":"l","1042":"u","1043":"d","1044":"e","1045":"s","1046":"(","1047":"v","1048":"a","1049":"l","1050":"u","1051":"e","1052":")","1053":";","1054":"\\","1055":"n","1056":" ","1057":" ","1058":" ","1059":" ","1060":" ","1061":" ","1062":"}","1063":",","1064":"\\","1065":"n","1066":" ","1067":" ","1068":" ","1069":" ","1070":"}","1071":",","1072":"\\","1073":"n","1074":" ","1075":" ","1076":"}","1077":",","1078":"\\","1079":"n","1080":" ","1081":" ","1082":"c","1083":"o","1084":"m","1085":"p","1086":"u","1087":"t","1088":"e","1089":"d","1090":":","1091":" ","1092":"{","1093":"\\","1094":"n","1095":" ","1096":" ","1097":" ","1098":" ","1099":"b","1100":"u","1101":"t","1102":"t","1103":"o","1104":"n","1105":"C","1106":"l","1107":"a","1108":"s","1109":"s","1110":"(","1111":")","1112":" ","1113":"{","1114":"\\","1115":"n","1116":" ","1117":" ","1118":" ","1119":" ","1120":" ","1121":" ","1122":"r","1123":"e","1124":"t","1125":"u","1126":"r","1127":"n","1128":" ","1129":"{","1130":"\\","1131":"n","1132":" ","1133":" ","1134":" ","1135":" ","1136":" ","1137":" ","1138":" ","1139":" ","1140":"[","1141":"t","1142":"h","1143":"i","1144":"s","1145":".","1146":"t","1147":"y","1148":"p","1149":"e","1150":"]","1151":":","1152":" ","1153":"t","1154":"r","1155":"u","1156":"e","1157":",","1158":"\\","1159":"n","1160":" ","1161":" ","1162":" ","1163":" ","1164":" ","1165":" ","1166":"}","1167":";","1168":"\\","1169":"n","1170":" ","1171":" ","1172":" ","1173":" ","1174":"}","1175":",","1176":"\\","1177":"n","1178":" ","1179":" ","1180":"}","1181":",","1182":"\\","1183":"n","1184":" ","1185":" ","1186":"m","1187":"e","1188":"t","1189":"h","1190":"o","1191":"d","1192":"s","1193":":","1194":" ","1195":"{","1196":"\\","1197":"n","1198":" ","1199":" ","1200":" ","1201":" ","1202":"d","1203":"o","1204":"u","1205":"b","1206":"l","1207":"e","1208":"H","1209":"e","1210":"i","1211":"g","1212":"h","1213":"t","1214":"(","1215":")","1216":" ","1217":"{","1218":"\\","1219":"n","1220":" ","1221":" ","1222":" ","1223":" ","1224":" ","1225":" ","1226":"t","1227":"h","1228":"i","1229":"s","1230":".","1231":"h","1232":"e","1233":"i","1234":"g","1235":"h","1236":"t","1237":" ","1238":"*","1239":"=","1240":" ","1241":"2","1242":";","1243":"\\","1244":"n","1245":" ","1246":" ","1247":" ","1248":" ","1249":"}","1250":",","1251":"\\","1252":"n","1253":" ","1254":" ","1255":"}","1256":",","1257":"\\","1258":"n","1259":"}","1260":";","1261":"\\","1262":"n","1263":"<","1264":"/","1265":"s","1266":"c","1267":"r","1268":"i","1269":"p","1270":"t","1271":">","1272":"\\","1273":"n","1274":"\\","1275":"n","1276":"<","1277":"s","1278":"t","1279":"y","1280":"l","1281":"e","1282":" ","1283":"s","1284":"c","1285":"o","1286":"p","1287":"e","1288":"d","1289":">","1290":"\\","1291":"n","1292":"b","1293":"u","1294":"t","1295":"t","1296":"o","1297":"n","1298":" ","1299":"{","1300":"\\","1301":"n","1302":" ","1303":" ","1304":"@","1305":"a","1306":"p","1307":"p","1308":"l","1309":"y","1310":" ","1311":"p","1312":"x","1313":"-","1314":"5","1315":" ","1316":"p","1317":"y","1318":"-","1319":"3","1320":" ","1321":"r","1322":"o","1323":"u","1324":"n","1325":"d","1326":"e","1327":"d","1328":" ","1329":"f","1330":"o","1331":"n","1332":"t","1333":"-","1334":"m","1335":"e","1336":"d","1337":"i","1338":"u","1339":"m","1340":";","1341":"\\","1342":"n","1343":"}","1344":"\\","1345":"n","1346":"\\","1347":"n","1348":".","1349":"p","1350":"r","1351":"i","1352":"m","1353":"a","1354":"r","1355":"y","1356":" ","1357":"{","1358":"\\","1359":"n","1360":" ","1361":" ","1362":"@","1363":"a","1364":"p","1365":"p","1366":"l","1367":"y","1368":" ","1369":"t","1370":"e","1371":"x","1372":"t","1373":"-","1374":"w","1375":"h","1376":"i","1377":"t","1378":"e","1379":" ","1380":"b","1381":"g","1382":"-","1383":"b","1384":"r","1385":"a","1386":"n","1387":"d","1388":"-","1389":"b","1390":"l","1391":"u","1392":"e","1393":"-","1394":"1","1395":" ","1396":"h","1397":"o","1398":"v","1399":"e","1400":"r","1401":":","1402":"s","1403":"h","1404":"a","1405":"d","1406":"o","1407":"w","1408":"-","1409":"b","1410":"l","1411":"u","1412":"e","1413":";","1414":"\\","1415":"n","1416":"}","1417":"\\","1418":"n","1419":"\\","1420":"n","1421":".","1422":"s","1423":"e","1424":"c","1425":"o","1426":"n","1427":"d","1428":"a","1429":"r","1430":"y","1431":" ","1432":"{","1433":"\\","1434":"n","1435":" ","1436":" ","1437":"@","1438":"a","1439":"p","1440":"p","1441":"l","1442":"y","1443":" ","1444":"t","1445":"e","1446":"x","1447":"t","1448":"-","1449":"b","1450":"r","1451":"a","1452":"n","1453":"d","1454":"-","1455":"b","1456":"l","1457":"u","1458":"e","1459":"-","1460":"2","1461":" ","1462":"b","1463":"g","1464":"-","1465":"t","1466":"r","1467":"a","1468":"n","1469":"s","1470":"p","1471":"a","1472":"r","1473":"e","1474":"n","1475":"t","1476":" ","1477":"h","1478":"o","1479":"v","1480":"e","1481":"r","1482":":","1483":"b","1484":"g","1485":"-","1486":"b","1487":"r","1488":"a","1489":"n","1490":"d","1491":"-","1492":"b","1493":"l","1494":"u","1495":"e","1496":"-","1497":"2","1498":" ","1499":"h","1500":"o","1501":"v","1502":"e","1503":"r","1504":":","1505":"t","1506":"e","1507":"x","1508":"t","1509":"-","1510":"w","1511":"h","1512":"i","1513":"t","1514":"e","1515":";","1516":"\\","1517":"n","1518":"}","1519":"\\","1520":"n","1521":"<","1522":"/","1523":"s","1524":"t","1525":"y","1526":"l","1527":"e","1528":">","1529":"\\","1530":"n","1531":"\"","1532":"]","1533":"}"},"_coverageSchema":"1a1c01bbd47fc00a2c39e90264f33305004495a9","hash":"b99ba6276c3f61813d157a12cb4607ccb1665ded"}
,"C:\\Users\\ADMIN\\Desktop\\learning_vue\\src\\components\\MainNav.vue": {"path":"C:\\Users\\ADMIN\\Desktop\\learning_vue\\src\\components\\MainNav.vue","statementMap":{"0":{"start":{"line":4,"column":29},"end":{"line":4,"column":144}},"1":{"start":{"line":5,"column":0},"end":{"line":7,"column":3}},"2":{"start":{"line":8,"column":0},"end":{"line":8,"column":25}},"3":{"start":{"line":59,"column":0},"end":{"line":59,"column":13}},"4":{"start":{"line":61,"column":0},"end":{"line":63,"column":3}},"5":{"start":{"line":64,"column":0},"end":{"line":64,"column":24}},"6":{"start":{"line":65,"column":11},"end":{"line":65,"column":25}},"7":{"start":{"line":66,"column":19},"end":{"line":68,"column":1}},"8":{"start":{"line":69,"column":19},"end":{"line":71,"column":1}},"9":{"start":{"line":72,"column":19},"end":{"line":74,"column":1}},"10":{"start":{"line":75,"column":19},"end":{"line":75,"column":27}},"11":{"start":{"line":76,"column":19},"end":{"line":78,"column":1}},"12":{"start":{"line":79,"column":19},"end":{"line":81,"column":1}},"13":{"start":{"line":82,"column":19},"end":{"line":84,"column":1}},"14":{"start":{"line":85,"column":19},"end":{"line":88,"column":1}},"15":{"start":{"line":89,"column":19},"end":{"line":91,"column":1}},"16":{"start":{"line":93,"column":35},"end":{"line":93,"column":78}},"17":{"start":{"line":94,"column":35},"end":{"line":94,"column":78}},"18":{"start":{"line":95,"column":29},"end":{"line":95,"column":66}},"19":{"start":{"line":96,"column":2},"end":{"line":117,"column":55}},"20":{"start":{"line":101,"column":4},"end":{"line":104,"column":103}},"21":{"start":{"line":118,"column":2},"end":{"line":118,"column":49}}},"fnMap":{"0":{"name":"render","decl":{"start":{"line":92,"column":9},"end":{"line":92,"column":15}},"loc":{"start":{"line":92,"column":30},"end":{"line":118,"column":1}},"line":92},"1":{"name":"(anonymous_1)","decl":{"start":{"line":100,"column":412},"end":{"line":100,"column":413}},"loc":{"start":{"line":100,"column":420},"end":{"line":105,"column":3}},"line":100}},"branchMap":{"0":{"loc":{"start":{"line":105,"column":87},"end":{"line":114,"column":51}},"type":"cond-expr","locations":[{"start":{"line":105,"column":106},"end":{"line":108,"column":4}},{"start":{"line":108,"column":9},"end":{"line":114,"column":50}}],"line":105},"1":{"loc":{"start":{"line":114,"column":57},"end":{"line":117,"column":50}},"type":"cond-expr","locations":[{"start":{"line":114,"column":76},"end":{"line":117,"column":4}},{"start":{"line":117,"column":8},"end":{"line":117,"column":50}}],"line":114}},"s":{"0":1,"1":1,"2":1,"3":1,"4":1,"5":1,"6":1,"7":1,"8":1,"9":1,"10":1,"11":1,"12":1,"13":1,"14":1,"15":1,"16":6,"17":6,"18":6,"19":6,"20":42,"21":1},"f":{"0":6,"1":42},"b":{"0":[2,4],"1":[2,4]},"inputSourceMap":{"0":"{","1":"\"","2":"v","3":"e","4":"r","5":"s","6":"i","7":"o","8":"n","9":"\"","10":":","11":"3","12":",","13":"\"","14":"s","15":"o","16":"u","17":"r","18":"c","19":"e","20":"s","21":"\"","22":":","23":"[","24":"\"","25":"C","26":":","27":"\\","28":"\\","29":"U","30":"s","31":"e","32":"r","33":"s","34":"\\","35":"\\","36":"A","37":"D","38":"M","39":"I","40":"N","41":"\\","42":"\\","43":"D","44":"e","45":"s","46":"k","47":"t","48":"o","49":"p","50":"\\","51":"\\","52":"l","53":"e","54":"a","55":"r","56":"n","57":"i","58":"n","59":"g","60":"_","61":"v","62":"u","63":"e","64":"\\","65":"\\","66":"s","67":"r","68":"c","69":"\\","70":"\\","71":"c","72":"o","73":"m","74":"p","75":"o","76":"n","77":"e","78":"n","79":"t","80":"s","81":"\\","82":"\\","83":"M","84":"a","85":"i","86":"n","87":"N","88":"a","89":"v","90":".","91":"v","92":"u","93":"e","94":"\"","95":"]","96":",","97":"\"","98":"n","99":"a","100":"m","101":"e","102":"s","103":"\"","104":":","105":"[","106":"]","107":",","108":"\"","109":"m","110":"a","111":"p","112":"p","113":"i","114":"n","115":"g","116":"s","117":"\"","118":":","119":"\"","120":";","121":";","122":";","123":";","124":";","125":";","126":";","127":";","128":"A","129":"A","130":"o","131":"C","132":"A","133":";","134":"A","135":"A","136":"A","137":"A","138":";","139":"A","140":"A","141":"A","142":"A","143":";","144":"A","145":"A","146":"C","147":"A","148":";","149":"A","150":"A","151":"A","152":"A","153":";","154":"A","155":"A","156":"A","157":"A","158":";","159":"A","160":"A","161":"C","162":"A","163":";","164":"A","165":"A","166":"A","167":"A","168":";","169":"A","170":"A","171":"A","172":"A","173":";","174":"A","175":"A","176":"A","177":"6","178":"C","179":";","180":"A","181":"A","182":"A","183":"A","184":",","185":"e","186":"A","187":"E","188":"9","189":"B","190":";","191":"E","192":"A","193":"C","194":"b","195":",","196":"I","197":"A","198":"A","199":"I","200":",","201":"E","202":"A","203":"A","204":"E","205":",","206":"S","207":"A","208":"A","209":"S","210":";","211":"E","212":"A","213":"C","214":"f","215":",","216":"U","217":"A","218":"A","219":"U","220":",","221":"E","222":"A","223":"A","224":"E","225":";","226":"I","227":"A","228":"C","229":"V","230":",","231":"Y","232":"A","233":"A","234":"Y","235":";","236":"I","237":"A","238":"A","239":"Z","240":";","241":"I","242":"A","243":"A","244":"A","245":";","246":"I","247":"A","248":"A","249":"A","250":";","251":"I","252":"A","253":"A","254":"A","255":",","256":"O","257":"A","258":"A","259":"Y","260":";","261":"I","262":"A","263":"C","264":"Z","265":",","266":"Y","267":"A","268":"A","269":"Y","270":";","271":"I","272":"A","273":"A","274":"Z","275":";","276":"I","277":"A","278":"A","279":"A","280":";","281":"I","282":"A","283":"A","284":"A","285":";","286":"I","287":"A","288":"A","289":"A","290":",","291":"O","292":"A","293":"A","294":"Y","295":";","296":"I","297":"A","298":"C","299":"Z","300":",","301":"M","302":"A","303":"A","304":"M","305":";","306":"I","307":"A","308":"A","309":"N","310":";","311":"I","312":"A","313":"A","314":"A","315":";","316":"I","317":"A","318":"A","319":"A","320":";","321":"I","322":"A","323":"A","324":"A","325":";","326":"E","327":"A","328":"C","329":"F","330":",","331":"C","332":"A","333":"A","334":"C","335":";","336":"E","337":"A","338":"C","339":"D","340":",","341":"I","342":"A","343":"A","344":"I","345":",","346":"G","347":"A","348":"A","349":"G","350":";","351":"I","352":"A","353":"C","354":"L","355":",","356":"O","357":"A","358":"A","359":"O","360":";","361":"M","362":"A","363":"C","364":"L","365":",","366":"O","367":"A","368":"A","369":"O","370":",","371":"E","372":"A","373":"A","374":"E","375":",","376":"c","377":"A","378":"A","379":"c","380":";","381":"M","382":"A","383":"C","384":"v","385":"B","386":",","387":"M","388":"A","389":"A","390":"M","391":",","392":"E","393":"A","394":"A","395":"E","396":",","397":"Q","398":"A","399":"A","400":"Q","401":";","402":"M","403":"A","404":"C","405":"h","406":"B","407":",","408":"G","409":"A","410":"A","411":"G","412":",","413":"E","414":"A","415":"A","416":"E","417":",","418":"4","419":"B","420":"A","421":"A","422":"4","423":"B","424":";","425":"M","426":"A","427":"C","428":"j","429":"C","430":",","431":"S","432":"A","433":"A","434":"S","435":",","436":"E","437":"A","438":"A","439":"E","440":",","441":"C","442":"A","443":"C","444":"T","445":",","446":"O","447":"A","448":"A","449":"O","450":",","451":"E","452":"A","453":"C","454":"P","455":",","456":"W","457":"A","458":"A","459":"W","460":",","461":"E","462":"A","463":"C","464":"X","465":",","466":"m","467":"B","468":"A","469":"A","470":"m","471":"B","472":",","473":"E","474":"A","475":"C","476":"n","477":"B","478":",","479":"a","480":"A","481":"A","482":"a","483":",","484":"E","485":"A","486":"C","487":"b","488":",","489":"W","490":"A","491":"A","492":"W","493":",","494":"E","495":"A","496":"C","497":"X","498":",","499":"U","500":"A","501":"A","502":"U","503":",","504":"E","505":"A","506":"C","507":"V","508":",","509":"M","510":"A","511":"A","512":"M","513":",","514":"C","515":"A","516":"C","517":"P","518":";","519":"M","520":"A","521":"C","522":"D","523":",","524":"U","525":"A","526":"A","527":"U","528":",","529":"E","530":"A","531":"A","532":"E","533":",","534":"K","535":"A","536":"A","537":"K","538":";","539":"M","540":"A","541":"C","542":"j","543":"B","544":",","545":"I","546":"A","547":"A","548":"I","549":",","550":"E","551":"A","552":"A","553":"E","554":";","555":"I","556":"A","557":"C","558":"R","559":",","560":"C","561":"A","562":"A","563":"C","564":";","565":"E","566":"A","567":"C","568":"H","569":",","570":"C","571":"A","572":"A","573":"C","574":";","575":"E","576":"A","577":"C","578":"D","579":",","580":"O","581":"A","582":"A","583":"O","584":",","585":"E","586":"A","587":"A","588":"E","589":";","590":"I","591":"A","592":"C","593":"P","594":",","595":"K","596":"A","597":"A","598":"K","599":",","600":"G","601":"A","602":"A","603":"G","604":";","605":"M","606":"A","607":"C","608":"N","609":",","610":"I","611":"A","612":"A","613":"I","614":",","615":"C","616":"A","617":"A","618":"C","619":",","620":"U","621":"A","622":"A","623":"U","624":",","625":"G","626":"A","627":"A","628":"G","629":",","630":"I","631":"A","632":"A","633":"I","634":";","635":"I","636":"A","637":"C","638":"x","639":"B","640":",","641":"C","642":"A","643":"A","644":"C","645":";","646":"I","647":"A","648":"C","649":"D","650":",","651":"M","652":"A","653":"A","654":"M","655":",","656":"G","657":"A","658":"A","659":"G","660":";","661":"M","662":"A","663":"C","664":"P","665":",","666":"I","667":"A","668":"A","669":"I","670":",","671":"C","672":"A","673":"A","674":"C","675":",","676":"U","677":"A","678":"A","679":"U","680":",","681":"G","682":"A","683":"A","684":"G","685":",","686":"K","687":"A","688":"A","689":"K","690":";","691":"I","692":"A","693":"C","694":"z","695":"B","696":";","697":"E","698":"A","699":"C","700":"F","701":";","702":"A","703":"A","704":"C","705":"F","706":",","707":"C","708":"A","709":"A","710":"C","711":";","712":"A","713":"A","714":"A","715":"A","716":";","717":"A","718":"A","719":"A","720":"A","721":"\"","722":",","723":"\"","724":"f","725":"i","726":"l","727":"e","728":"\"","729":":","730":"\"","731":"C","732":":","733":"\\","734":"\\","735":"U","736":"s","737":"e","738":"r","739":"s","740":"\\","741":"\\","742":"A","743":"D","744":"M","745":"I","746":"N","747":"\\","748":"\\","749":"D","750":"e","751":"s","752":"k","753":"t","754":"o","755":"p","756":"\\","757":"\\","758":"l","759":"e","760":"a","761":"r","762":"n","763":"i","764":"n","765":"g","766":"_","767":"v","768":"u","769":"e","770":"\\","771":"\\","772":"s","773":"r","774":"c","775":"\\","776":"\\","777":"c","778":"o","779":"m","780":"p","781":"o","782":"n","783":"e","784":"n","785":"t","786":"s","787":"\\","788":"\\","789":"M","790":"a","791":"i","792":"n","793":"N","794":"a","795":"v","796":".","797":"v","798":"u","799":"e","800":"\"","801":",","802":"\"","803":"s","804":"o","805":"u","806":"r","807":"c","808":"e","809":"s","810":"C","811":"o","812":"n","813":"t","814":"e","815":"n","816":"t","817":"\"","818":":","819":"[","820":"\"","821":"<","822":"t","823":"e","824":"m","825":"p","826":"l","827":"a","828":"t","829":"e","830":">","831":"\\","832":"n","833":" ","834":" ","835":"<","836":"h","837":"e","838":"a","839":"d","840":"e","841":"r","842":" ","843":"c","844":"l","845":"a","846":"s","847":"s","848":"=","849":"\\","850":"\"","851":"w","852":"-","853":"f","854":"u","855":"l","856":"l","857":" ","858":"t","859":"e","860":"x","861":"t","862":"-","863":"s","864":"m","865":"\\","866":"\"","867":">","868":"\\","869":"n","870":" ","871":" ","872":" ","873":" ","874":"<","875":"d","876":"i","877":"v","878":" ","879":"c","880":"l","881":"a","882":"s","883":"s","884":"=","885":"\\","886":"\"","887":"f","888":"i","889":"x","890":"e","891":"d","892":" ","893":"t","894":"o","895":"p","896":"-","897":"0","898":" ","899":"l","900":"e","901":"f","902":"t","903":"-","904":"0","905":" ","906":"w","907":"-","908":"f","909":"u","910":"l","911":"l","912":" ","913":"h","914":"-","915":"1","916":"6","917":" ","918":"b","919":"g","920":"-","921":"w","922":"h","923":"i","924":"t","925":"e","926":"\\","927":"\"","928":">","929":"\\","930":"n","931":" ","932":" ","933":" ","934":" ","935":" ","936":" ","937":"<","938":"d","939":"i","940":"v","941":"\\","942":"n","943":" ","944":" ","945":" ","946":" ","947":" ","948":" ","949":" ","950":" ","951":"c","952":"l","953":"a","954":"s","955":"s","956":"=","957":"\\","958":"\"","959":"f","960":"l","961":"e","962":"x","963":" ","964":"f","965":"l","966":"e","967":"x","968":"-","969":"n","970":"o","971":"w","972":"r","973":"a","974":"p","975":" ","976":"h","977":"-","978":"f","979":"u","980":"l","981":"l","982":" ","983":"p","984":"x","985":"-","986":"8","987":" ","988":"m","989":"x","990":"-","991":"a","992":"u","993":"t","994":"o","995":" ","996":"b","997":"o","998":"r","999":"d","1000":"e","1001":"r","1002":"-","1003":"b","1004":" ","1005":"b","1006":"o","1007":"r","1008":"d","1009":"e","1010":"r","1011":"-","1012":"s","1013":"o","1014":"l","1015":"i","1016":"d","1017":" ","1018":"b","1019":"o","1020":"r","1021":"d","1022":"e","1023":"r","1024":"-","1025":"b","1026":"r","1027":"a","1028":"n","1029":"d","1030":"-","1031":"g","1032":"r","1033":"a","1034":"y","1035":"-","1036":"1","1037":"\\","1038":"\"","1039":"\\","1040":"n","1041":" ","1042":" ","1043":" ","1044":" ","1045":" ","1046":" ","1047":">","1048":"\\","1049":"n","1050":" ","1051":" ","1052":" ","1053":" ","1054":" ","1055":" ","1056":" ","1057":" ","1058":"<","1059":"a","1060":" ","1061":":","1062":"h","1063":"r","1064":"e","1065":"f","1066":"=","1067":"\\","1068":"\"","1069":"u","1070":"r","1071":"l","1072":"\\","1073":"\"","1074":" ","1075":":","1076":"m","1077":"y","1078":"b","1079":"y","1080":"=","1081":"\\","1082":"\"","1083":"1","1084":"2","1085":"3","1086":"\\","1087":"\"","1088":" ","1089":"c","1090":"l","1091":"a","1092":"s","1093":"s","1094":"=","1095":"\\","1096":"\"","1097":"f","1098":"l","1099":"e","1100":"x","1101":" ","1102":"i","1103":"t","1104":"e","1105":"m","1106":"s","1107":"-","1108":"c","1109":"e","1110":"n","1111":"t","1112":"e","1113":"r","1114":" ","1115":"h","1116":"-","1117":"f","1118":"u","1119":"l","1120":"l","1121":" ","1122":"t","1123":"e","1124":"x","1125":"t","1126":"-","1127":"x","1128":"l","1129":"\\","1130":"\"","1131":">","1132":"{","1133":"{","1134":"\\","1135":"n","1136":" ","1137":" ","1138":" ","1139":" ","1140":" ","1141":" ","1142":" ","1143":" ","1144":" ","1145":" ","1146":"c","1147":"o","1148":"m","1149":"p","1150":"a","1151":"n","1152":"y","1153":"\\","1154":"n","1155":" ","1156":" ","1157":" ","1158":" ","1159":" ","1160":" ","1161":" ","1162":" ","1163":"}","1164":"}","1165":"<","1166":"/","1167":"a","1168":">","1169":"\\","1170":"n","1171":" ","1172":" ","1173":" ","1174":" ","1175":" ","1176":" ","1177":" ","1178":" ","1179":"<","1180":"h","1181":"2","1182":" ","1183":"c","1184":"l","1185":"a","1186":"s","1187":"s","1188":"=","1189":"\\","1190":"\"","1191":"f","1192":"l","1193":"e","1194":"x","1195":" ","1196":"i","1197":"t","1198":"e","1199":"m","1200":"s","1201":"-","1202":"c","1203":"e","1204":"n","1205":"t","1206":"e","1207":"r","1208":" ","1209":"h","1210":"-","1211":"f","1212":"u","1213":"l","1214":"l","1215":" ","1216":"m","1217":"l","1218":"-","1219":"8","1220":"\\","1221":"\"","1222":">","1223":"D","1224":"e","1225":"v","1226":"e","1227":"l","1228":"o","1229":"p","1230":"e","1231":"d","1232":" ","1233":"b","1234":"y","1235":" ","1236":"{","1237":"{","1238":" ","1239":"a","1240":"u","1241":"t","1242":"h","1243":"o","1244":"r","1245":" ","1246":"}","1247":"}","1248":"<","1249":"/","1250":"h","1251":"2","1252":">","1253":"\\","1254":"n","1255":" ","1256":" ","1257":" ","1258":" ","1259":" ","1260":" ","1261":" ","1262":" ","1263":"<","1264":"n","1265":"a","1266":"v","1267":" ","1268":"c","1269":"l","1270":"a","1271":"s","1272":"s","1273":"=","1274":"\\","1275":"\"","1276":"h","1277":"-","1278":"f","1279":"u","1280":"l","1281":"l","1282":" ","1283":"f","1284":"i","1285":"r","1286":"s","1287":"t","1288":":","1289":"m","1290":"l","1291":"-","1292":"0","1293":" ","1294":"m","1295":"l","1296":"-","1297":"9","1298":"\\","1299":"\"","1300":">","1301":"\\","1302":"n","1303":" ","1304":" ","1305":" ","1306":" ","1307":" ","1308":" ","1309":" ","1310":" ","1311":" ","1312":" ","1313":"<","1314":"u","1315":"l","1316":" ","1317":"c","1318":"l","1319":"a","1320":"s","1321":"s","1322":"=","1323":"\\","1324":"\"","1325":"f","1326":"l","1327":"e","1328":"x","1329":" ","1330":"h","1331":"-","1332":"f","1333":"u","1334":"l","1335":"l","1336":" ","1337":"p","1338":"-","1339":"0","1340":" ","1341":"m","1342":"-","1343":"0","1344":" ","1345":"l","1346":"i","1347":"s","1348":"t","1349":"-","1350":"n","1351":"o","1352":"n","1353":"e","1354":"\\","1355":"\"","1356":">","1357":"\\","1358":"n","1359":" ","1360":" ","1361":" ","1362":" ","1363":" ","1364":" ","1365":" ","1366":" ","1367":" ","1368":" ","1369":" ","1370":" ","1371":"<","1372":"l","1373":"i","1374":" ","1375":"v","1376":"-","1377":"f","1378":"o","1379":"r","1380":"=","1381":"\\","1382":"\"","1383":"i","1384":"t","1385":"e","1386":"m","1387":" ","1388":"i","1389":"n","1390":" ","1391":"m","1392":"e","1393":"n","1394":"u","1395":"I","1396":"t","1397":"e","1398":"m","1399":"s","1400":"\\","1401":"\"","1402":" ","1403":":","1404":"k","1405":"e","1406":"y","1407":"=","1408":"\\","1409":"\"","1410":"i","1411":"t","1412":"e","1413":"m","1414":"\\","1415":"\"","1416":" ","1417":"c","1418":"l","1419":"a","1420":"s","1421":"s","1422":"=","1423":"\\","1424":"\"","1425":"h","1426":"-","1427":"f","1428":"u","1429":"l","1430":"l","1431":" ","1432":"m","1433":"l","1434":"-","1435":"9","1436":"\\","1437":"\"","1438":">","1439":"\\","1440":"n","1441":" ","1442":" ","1443":" ","1444":" ","1445":" ","1446":" ","1447":" ","1448":" ","1449":" ","1450":" ","1451":" ","1452":" ","1453":" ","1454":" ","1455":"<","1456":"a","1457":" ","1458":"h","1459":"r","1460":"e","1461":"f","1462":"=","1463":"\\","1464":"\"","1465":"\\","1466":"\"","1467":" ","1468":"c","1469":"l","1470":"a","1471":"s","1472":"s","1473":"=","1474":"\\","1475":"\"","1476":"f","1477":"l","1478":"e","1479":"x","1480":" ","1481":"i","1482":"t","1483":"e","1484":"m","1485":"s","1486":"-","1487":"c","1488":"e","1489":"n","1490":"t","1491":"e","1492":"r","1493":" ","1494":"h","1495":"-","1496":"f","1497":"u","1498":"l","1499":"l","1500":" ","1501":"p","1502":"y","1503":"-","1504":"2","1505":".","1506":"5","1507":"\\","1508":"\"","1509":">","1510":"\\","1511":"n","1512":" ","1513":" ","1514":" ","1515":" ","1516":" ","1517":" ","1518":" ","1519":" ","1520":" ","1521":" ","1522":" ","1523":" ","1524":" ","1525":" ","1526":" ","1527":" ","1528":"{","1529":"{","1530":" ","1531":"i","1532":"t","1533":"e","1534":"m","1535":" ","1536":"}","1537":"}","1538":"\\","1539":"n","1540":" ","1541":" ","1542":" ","1543":" ","1544":" ","1545":" ","1546":" ","1547":" ","1548":" ","1549":" ","1550":" ","1551":" ","1552":" ","1553":" ","1554":"<","1555":"/","1556":"a","1557":">","1558":"\\","1559":"n","1560":" ","1561":" ","1562":" ","1563":" ","1564":" ","1565":" ","1566":" ","1567":" ","1568":" ","1569":" ","1570":" ","1571":" ","1572":"<","1573":"/","1574":"l","1575":"i","1576":">","1577":"\\","1578":"n","1579":" ","1580":" ","1581":" ","1582":" ","1583":" ","1584":" ","1585":" ","1586":" ","1587":" ","1588":" ","1589":"<","1590":"/","1591":"u","1592":"l","1593":">","1594":"\\","1595":"n","1596":" ","1597":" ","1598":" ","1599":" ","1600":" ","1601":" ","1602":" ","1603":" ","1604":"<","1605":"/","1606":"n","1607":"a","1608":"v","1609":">","1610":"\\","1611":"n","1612":" ","1613":" ","1614":" ","1615":" ","1616":" ","1617":" ","1618":" ","1619":" ","1620":"<","1621":"d","1622":"i","1623":"v","1624":" ","1625":"c","1626":"l","1627":"a","1628":"s","1629":"s","1630":"=","1631":"\\","1632":"\"","1633":"f","1634":"l","1635":"e","1636":"x","1637":" ","1638":"i","1639":"t","1640":"e","1641":"m","1642":"s","1643":"-","1644":"c","1645":"e","1646":"n","1647":"t","1648":"e","1649":"r","1650":" ","1651":"h","1652":"-","1653":"f","1654":"u","1655":"l","1656":"l","1657":" ","1658":"m","1659":"l","1660":"-","1661":"a","1662":"u","1663":"t","1664":"o","1665":"\\","1666":"\"","1667":">","1668":"\\","1669":"n","1670":" ","1671":" ","1672":" ","1673":" ","1674":" ","1675":" ","1676":" ","1677":" ","1678":" ","1679":" ","1680":"<","1681":"p","1682":"r","1683":"o","1684":"f","1685":"i","1686":"l","1687":"e","1688":"-","1689":"i","1690":"m","1691":"a","1692":"g","1693":"e","1694":" ","1695":"v","1696":"-","1697":"i","1698":"f","1699":"=","1700":"\\","1701":"\"","1702":"i","1703":"s","1704":"L","1705":"o","1706":"g","1707":"g","1708":"e","1709":"d","1710":"I","1711":"n","1712":"\\","1713":"\"","1714":" ","1715":"d","1716":"a","1717":"t","1718":"a","1719":"-","1720":"t","1721":"e","1722":"s","1723":"t","1724":"=","1725":"\\","1726":"\"","1727":"p","1728":"r","1729":"o","1730":"f","1731":"i","1732":"l","1733":"e","1734":"-","1735":"i","1736":"m","1737":"a","1738":"g","1739":"e","1740":"\\","1741":"\"","1742":" ","1743":"/","1744":">","1745":"\\","1746":"n","1747":" ","1748":" ","1749":" ","1750":" ","1751":" ","1752":" ","1753":" ","1754":" ","1755":" ","1756":" ","1757":"<","1758":"a","1759":"c","1760":"t","1761":"i","1762":"o","1763":"n","1764":"-","1765":"b","1766":"u","1767":"t","1768":"t","1769":"o","1770":"n","1771":"\\","1772":"n","1773":" ","1774":" ","1775":" ","1776":" ","1777":" ","1778":" ","1779":" ","1780":" ","1781":" ","1782":" ","1783":" ","1784":" ","1785":"v","1786":"-","1787":"e","1788":"l","1789":"s","1790":"e","1791":"\\","1792":"n","1793":" ","1794":" ","1795":" ","1796":" ","1797":" ","1798":" ","1799":" ","1800":" ","1801":" ","1802":" ","1803":" ","1804":" ","1805":"d","1806":"a","1807":"t","1808":"a","1809":"-","1810":"t","1811":"e","1812":"s","1813":"t","1814":"=","1815":"\\","1816":"\"","1817":"l","1818":"o","1819":"g","1820":"i","1821":"n","1822":"-","1823":"b","1824":"u","1825":"t","1826":"t","1827":"o","1828":"n","1829":"\\","1830":"\"","1831":"\\","1832":"n","1833":" ","1834":" ","1835":" ","1836":" ","1837":" ","1838":" ","1839":" ","1840":" ","1841":" ","1842":" ","1843":" ","1844":" ","1845":":","1846":"b","1847":"t","1848":"n","1849":"-","1850":"t","1851":"e","1852":"x","1853":"t","1854":"=","1855":"\\","1856":"\"","1857":"t","1858":"e","1859":"x","1860":"t","1861":"\\","1862":"\"","1863":"\\","1864":"n","1865":" ","1866":" ","1867":" ","1868":" ","1869":" ","1870":" ","1871":" ","1872":" ","1873":" ","1874":" ","1875":" ","1876":" ","1877":"t","1878":"y","1879":"p","1880":"e","1881":"=","1882":"\\","1883":"\"","1884":"p","1885":"r","1886":"i","1887":"m","1888":"a","1889":"r","1890":"y","1891":"\\","1892":"\"","1893":"\\","1894":"n","1895":" ","1896":" ","1897":" ","1898":" ","1899":" ","1900":" ","1901":" ","1902":" ","1903":" ","1904":" ","1905":" ","1906":" ","1907":"@","1908":"c","1909":"l","1910":"i","1911":"c","1912":"k","1913":"=","1914":"\\","1915":"\"","1916":"l","1917":"o","1918":"g","1919":"i","1920":"n","1921":"\\","1922":"\"","1923":"\\","1924":"n","1925":" ","1926":" ","1927":" ","1928":" ","1929":" ","1930":" ","1931":" ","1932":" ","1933":" ","1934":" ","1935":"/","1936":">","1937":"\\","1938":"n","1939":" ","1940":" ","1941":" ","1942":" ","1943":" ","1944":" ","1945":" ","1946":" ","1947":"<","1948":"/","1949":"d","1950":"i","1951":"v","1952":">","1953":"\\","1954":"n","1955":" ","1956":" ","1957":" ","1958":" ","1959":" ","1960":" ","1961":"<","1962":"/","1963":"d","1964":"i","1965":"v","1966":">","1967":"\\","1968":"n","1969":" ","1970":" ","1971":" ","1972":" ","1973":" ","1974":" ","1975":"<","1976":"s","1977":"u","1978":"b","1979":"-","1980":"n","1981":"a","1982":"v","1983":" ","1984":"v","1985":"-","1986":"i","1987":"f","1988":"=","1989":"\\","1990":"\"","1991":"i","1992":"s","1993":"L","1994":"o","1995":"g","1996":"g","1997":"e","1998":"d","1999":"I","2000":"n","2001":"\\","2002":"\"","2003":" ","2004":"d","2005":"a","2006":"t","2007":"a","2008":"-","2009":"t","2010":"e","2011":"s","2012":"t","2013":"=","2014":"\\","2015":"\"","2016":"s","2017":"u","2018":"b","2019":"n","2020":"a","2021":"v","2022":"\\","2023":"\"","2024":" ","2025":"/","2026":">","2027":"\\","2028":"n","2029":" ","2030":" ","2031":" ","2032":" ","2033":"<","2034":"/","2035":"d","2036":"i","2037":"v","2038":">","2039":"\\","2040":"n","2041":" ","2042":" ","2043":"<","2044":"/","2045":"h","2046":"e","2047":"a","2048":"d","2049":"e","2050":"r","2051":">","2052":"\\","2053":"n","2054":"<","2055":"/","2056":"t","2057":"e","2058":"m","2059":"p","2060":"l","2061":"a","2062":"t","2063":"e","2064":">","2065":"\\","2066":"n","2067":"\\","2068":"n","2069":"<","2070":"s","2071":"c","2072":"r","2073":"i","2074":"p","2075":"t","2076":">","2077":"\\","2078":"n","2079":"i","2080":"m","2081":"p","2082":"o","2083":"r","2084":"t","2085":" ","2086":"A","2087":"c","2088":"t","2089":"i","2090":"o","2091":"n","2092":"B","2093":"u","2094":"t","2095":"t","2096":"o","2097":"n","2098":" ","2099":"f","2100":"r","2101":"o","2102":"m","2103":" ","2104":"\\","2105":"\"","2106":"@","2107":"/","2108":"c","2109":"o","2110":"m","2111":"p","2112":"o","2113":"n","2114":"e","2115":"n","2116":"t","2117":"s","2118":"/","2119":"A","2120":"c","2121":"t","2122":"i","2123":"o","2124":"n","2125":"B","2126":"u","2127":"t","2128":"t","2129":"o","2130":"n","2131":".","2132":"v","2133":"u","2134":"e","2135":"\\","2136":"\"","2137":";","2138":"\\","2139":"n","2140":"i","2141":"m","2142":"p","2143":"o","2144":"r","2145":"t","2146":" ","2147":"P","2148":"r","2149":"o","2150":"f","2151":"i","2152":"l","2153":"e","2154":"I","2155":"m","2156":"a","2157":"g","2158":"e","2159":" ","2160":"f","2161":"r","2162":"o","2163":"m","2164":" ","2165":"\\","2166":"\"","2167":"@","2168":"/","2169":"c","2170":"o","2171":"m","2172":"p","2173":"o","2174":"n","2175":"e","2176":"n","2177":"t","2178":"s","2179":"/","2180":"P","2181":"r","2182":"o","2183":"f","2184":"i","2185":"l","2186":"e","2187":"I","2188":"m","2189":"a","2190":"g","2191":"e","2192":".","2193":"v","2194":"u","2195":"e","2196":"\\","2197":"\"","2198":";","2199":"\\","2200":"n","2201":"i","2202":"m","2203":"p","2204":"o","2205":"r","2206":"t","2207":" ","2208":"S","2209":"u","2210":"b","2211":"N","2212":"a","2213":"v","2214":" ","2215":"f","2216":"r","2217":"o","2218":"m","2219":" ","2220":"\\","2221":"\"","2222":"@","2223":"/","2224":"c","2225":"o","2226":"m","2227":"p","2228":"o","2229":"n","2230":"e","2231":"n","2232":"t","2233":"s","2234":"/","2235":"S","2236":"u","2237":"b","2238":"N","2239":"a","2240":"v","2241":".","2242":"v","2243":"u","2244":"e","2245":"\\","2246":"\"","2247":";","2248":"\\","2249":"n","2250":"\\","2251":"n","2252":"e","2253":"x","2254":"p","2255":"o","2256":"r","2257":"t","2258":" ","2259":"d","2260":"e","2261":"f","2262":"a","2263":"u","2264":"l","2265":"t","2266":" ","2267":"{","2268":"\\","2269":"n","2270":" ","2271":" ","2272":"n","2273":"a","2274":"m","2275":"e","2276":":","2277":" ","2278":"\\","2279":"\"","2280":"M","2281":"a","2282":"i","2283":"n","2284":"N","2285":"a","2286":"v","2287":"\\","2288":"\"","2289":",","2290":"\\","2291":"n","2292":" ","2293":" ","2294":"c","2295":"o","2296":"m","2297":"p","2298":"o","2299":"n","2300":"e","2301":"n","2302":"t","2303":"s","2304":":","2305":" ","2306":"{","2307":"\\","2308":"n","2309":" ","2310":" ","2311":" ","2312":" ","2313":"A","2314":"c","2315":"t","2316":"i","2317":"o","2318":"n","2319":"B","2320":"u","2321":"t","2322":"t","2323":"o","2324":"n","2325":",","2326":"\\","2327":"n","2328":" ","2329":" ","2330":" ","2331":" ","2332":"P","2333":"r","2334":"o","2335":"f","2336":"i","2337":"l","2338":"e","2339":"I","2340":"m","2341":"a","2342":"g","2343":"e","2344":",","2345":"\\","2346":"n","2347":" ","2348":" ","2349":" ","2350":" ","2351":"S","2352":"u","2353":"b","2354":"N","2355":"a","2356":"v","2357":",","2358":"\\","2359":"n","2360":" ","2361":" ","2362":"}","2363":",","2364":"\\","2365":"n","2366":" ","2367":" ","2368":"d","2369":"a","2370":"t","2371":"a","2372":"(","2373":")","2374":" ","2375":"{","2376":"\\","2377":"n","2378":" ","2379":" ","2380":" ","2381":" ","2382":"r","2383":"e","2384":"t","2385":"u","2386":"r","2387":"n","2388":" ","2389":"{","2390":"\\","2391":"n","2392":" ","2393":" ","2394":" ","2395":" ","2396":" ","2397":" ","2398":"c","2399":"o","2400":"m","2401":"p","2402":"a","2403":"n","2404":"y","2405":":","2406":" ","2407":"\\","2408":"\"","2409":"B","2410":"o","2411":"b","2412":"o","2413":" ","2414":"C","2415":"a","2416":"r","2417":"e","2418":"e","2419":"r","2420":"s","2421":"\\","2422":"\"","2423":",","2424":"\\","2425":"n","2426":" ","2427":" ","2428":" ","2429":" ","2430":" ","2431":" ","2432":"a","2433":"u","2434":"t","2435":"h","2436":"o","2437":"r","2438":":","2439":" ","2440":"\\","2441":"\"","2442":"T","2443":"a","2444":"i","2445":"T","2446":"a","2447":"i","2448":"\\","2449":"\"","2450":",","2451":"\\","2452":"n","2453":" ","2454":" ","2455":" ","2456":" ","2457":" ","2458":" ","2459":"u","2460":"r","2461":"l","2462":":","2463":" ","2464":"\\","2465":"\"","2466":"h","2467":"t","2468":"t","2469":"o","2470":"s","2471":":","2472":"/","2473":"/","2474":"c","2475":"a","2476":"r","2477":"e","2478":"e","2479":"r","2480":"s","2481":".","2482":"g","2483":"o","2484":"o","2485":"g","2486":"l","2487":"e","2488":".","2489":"c","2490":"o","2491":"m","2492":"\\","2493":"\"","2494":",","2495":"\\","2496":"n","2497":" ","2498":" ","2499":" ","2500":" ","2501":" ","2502":" ","2503":"m","2504":"e","2505":"n","2506":"u","2507":"I","2508":"t","2509":"e","2510":"m","2511":"s","2512":":","2513":" ","2514":"[","2515":"\\","2516":"n","2517":" ","2518":" ","2519":" ","2520":" ","2521":" ","2522":" ","2523":" ","2524":" ","2525":"\\","2526":"\"","2527":"T","2528":"e","2529":"a","2530":"m","2531":"s","2532":"\\","2533":"\"","2534":",","2535":"\\","2536":"n","2537":" ","2538":" ","2539":" ","2540":" ","2541":" ","2542":" ","2543":" ","2544":" ","2545":"\\","2546":"\"","2547":"L","2548":"o","2549":"c","2550":"a","2551":"t","2552":"i","2553":"o","2554":"n","2555":"s","2556":"\\","2557":"\"","2558":",","2559":"\\","2560":"n","2561":" ","2562":" ","2563":" ","2564":" ","2565":" ","2566":" ","2567":" ","2568":" ","2569":"\\","2570":"\"","2571":"L","2572":"i","2573":"f","2574":"e","2575":" ","2576":"a","2577":"t","2578":" ","2579":"B","2580":"o","2581":"b","2582":"o","2583":" ","2584":"C","2585":"o","2586":"r","2587":"p","2588":"\\","2589":"\"","2590":",","2591":"\\","2592":"n","2593":" ","2594":" ","2595":" ","2596":" ","2597":" ","2598":" ","2599":" ","2600":" ","2601":"\\","2602":"\"","2603":"H","2604":"o","2605":"w","2606":" ","2607":"w","2608":"e","2609":" ","2610":"h","2611":"i","2612":"r","2613":"e","2614":"\\","2615":"\"","2616":",","2617":"\\","2618":"n","2619":" ","2620":" ","2621":" ","2622":" ","2623":" ","2624":" ","2625":" ","2626":" ","2627":"\\","2628":"\"","2629":"L","2630":"o","2631":"c","2632":"a","2633":"t","2634":"i","2635":"o","2636":"n","2637":"s","2638":"\\","2639":"\"","2640":",","2641":"\\","2642":"n","2643":" ","2644":" ","2645":" ","2646":" ","2647":" ","2648":" ","2649":" ","2650":" ","2651":"\\","2652":"\"","2653":"S","2654":"t","2655":"u","2656":"d","2657":"e","2658":"n","2659":"t","2660":"s","2661":"\\","2662":"\"","2663":",","2664":"\\","2665":"n","2666":" ","2667":" ","2668":" ","2669":" ","2670":" ","2671":" ","2672":" ","2673":" ","2674":"\\","2675":"\"","2676":"J","2677":"o","2678":"b","2679":"s","2680":"\\","2681":"\"","2682":",","2683":"\\","2684":"n","2685":" ","2686":" ","2687":" ","2688":" ","2689":" ","2690":" ","2691":"]","2692":",","2693":"\\","2694":"n","2695":" ","2696":" ","2697":" ","2698":" ","2699":" ","2700":" ","2701":"i","2702":"s","2703":"L","2704":"o","2705":"g","2706":"g","2707":"e","2708":"d","2709":"I","2710":"n","2711":":","2712":" ","2713":"f","2714":"a","2715":"l","2716":"s","2717":"e","2718":",","2719":"\\","2720":"n","2721":" ","2722":" ","2723":" ","2724":" ","2725":" ","2726":" ","2727":"t","2728":"e","2729":"x","2730":"t","2731":":","2732":" ","2733":"\\","2734":"\"","2735":"S","2736":"i","2737":"g","2738":"n","2739":" ","2740":"I","2741":"n","2742":"\\","2743":"\"","2744":",","2745":"\\","2746":"n","2747":" ","2748":" ","2749":" ","2750":" ","2751":"}","2752":";","2753":"\\","2754":"n","2755":" ","2756":" ","2757":"}","2758":",","2759":"\\","2760":"n","2761":" ","2762":" ","2763":"m","2764":"e","2765":"t","2766":"h","2767":"o","2768":"d","2769":"s","2770":":","2771":" ","2772":"{","2773":"\\","2774":"n","2775":" ","2776":" ","2777":" ","2778":" ","2779":"l","2780":"o","2781":"g","2782":"i","2783":"n","2784":"(","2785":")","2786":" ","2787":"{","2788":"\\","2789":"n","2790":" ","2791":" ","2792":" ","2793":" ","2794":" ","2795":" ","2796":"t","2797":"h","2798":"i","2799":"s","2800":".","2801":"i","2802":"s","2803":"L","2804":"o","2805":"g","2806":"g","2807":"e","2808":"d","2809":"I","2810":"n","2811":" ","2812":"=","2813":" ","2814":"t","2815":"r","2816":"u","2817":"e","2818":";","2819":"\\","2820":"n","2821":" ","2822":" ","2823":" ","2824":" ","2825":"}","2826":",","2827":"\\","2828":"n","2829":" ","2830":" ","2831":" ","2832":" ","2833":"l","2834":"o","2835":"g","2836":"o","2837":"u","2838":"t","2839":"(","2840":")","2841":" ","2842":"{","2843":"\\","2844":"n","2845":" ","2846":" ","2847":" ","2848":" ","2849":" ","2850":" ","2851":"t","2852":"h","2853":"i","2854":"s","2855":".","2856":"i","2857":"s","2858":"L","2859":"o","2860":"g","2861":"g","2862":"e","2863":"d","2864":"I","2865":"n","2866":" ","2867":"=","2868":" ","2869":"f","2870":"a","2871":"l","2872":"s","2873":"e","2874":";","2875":"\\","2876":"n","2877":" ","2878":" ","2879":" ","2880":" ","2881":"}","2882":",","2883":"\\","2884":"n","2885":" ","2886":" ","2887":"}","2888":",","2889":"\\","2890":"n","2891":"}","2892":";","2893":"\\","2894":"n","2895":"<","2896":"/","2897":"s","2898":"c","2899":"r","2900":"i","2901":"p","2902":"t","2903":">","2904":"\\","2905":"n","2906":"\"","2907":"]","2908":"}"},"_coverageSchema":"1a1c01bbd47fc00a2c39e90264f33305004495a9","hash":"e82a1677b5b7165b368004f66c170116e476e74b"}
,"C:\\Users\\ADMIN\\Desktop\\learning_vue\\src\\components\\ProfileImage.vue": {"path":"C:\\Users\\ADMIN\\Desktop\\learning_vue\\src\\components\\ProfileImage.vue","statementMap":{"0":{"start":{"line":4,"column":0},"end":{"line":6,"column":3}},"1":{"start":{"line":7,"column":0},"end":{"line":7,"column":25}},"2":{"start":{"line":8,"column":15},"end":{"line":15,"column":1}},"3":{"start":{"line":11,"column":4},"end":{"line":13,"column":6}},"4":{"start":{"line":18,"column":0},"end":{"line":18,"column":13}},"5":{"start":{"line":20,"column":0},"end":{"line":22,"column":3}},"6":{"start":{"line":23,"column":0},"end":{"line":23,"column":24}},"7":{"start":{"line":24,"column":11},"end":{"line":24,"column":25}},"8":{"start":{"line":25,"column":19},"end":{"line":25,"column":26}},"9":{"start":{"line":27,"column":2},"end":{"line":30,"column":38}},"10":{"start":{"line":31,"column":2},"end":{"line":31,"column":49}}},"fnMap":{"0":{"name":"(anonymous_0)","decl":{"start":{"line":10,"column":2},"end":{"line":10,"column":3}},"loc":{"start":{"line":10,"column":9},"end":{"line":14,"column":3}},"line":10},"1":{"name":"render","decl":{"start":{"line":26,"column":9},"end":{"line":26,"column":15}},"loc":{"start":{"line":26,"column":30},"end":{"line":31,"column":1}},"line":26}},"branchMap":{},"s":{"0":2,"1":2,"2":2,"3":1,"4":2,"5":2,"6":2,"7":2,"8":2,"9":1,"10":2},"f":{"0":1,"1":1},"b":{},"inputSourceMap":{"0":"{","1":"\"","2":"v","3":"e","4":"r","5":"s","6":"i","7":"o","8":"n","9":"\"","10":":","11":"3","12":",","13":"\"","14":"s","15":"o","16":"u","17":"r","18":"c","19":"e","20":"s","21":"\"","22":":","23":"[","24":"\"","25":"C","26":":","27":"\\","28":"\\","29":"U","30":"s","31":"e","32":"r","33":"s","34":"\\","35":"\\","36":"A","37":"D","38":"M","39":"I","40":"N","41":"\\","42":"\\","43":"D","44":"e","45":"s","46":"k","47":"t","48":"o","49":"p","50":"\\","51":"\\","52":"l","53":"e","54":"a","55":"r","56":"n","57":"i","58":"n","59":"g","60":"_","61":"v","62":"u","63":"e","64":"\\","65":"\\","66":"s","67":"r","68":"c","69":"\\","70":"\\","71":"c","72":"o","73":"m","74":"p","75":"o","76":"n","77":"e","78":"n","79":"t","80":"s","81":"\\","82":"\\","83":"P","84":"r","85":"o","86":"f","87":"i","88":"l","89":"e","90":"I","91":"m","92":"a","93":"g","94":"e","95":".","96":"v","97":"u","98":"e","99":"\"","100":"]","101":",","102":"\"","103":"n","104":"a","105":"m","106":"e","107":"s","108":"\"","109":":","110":"[","111":"]","112":",","113":"\"","114":"m","115":"a","116":"p","117":"p","118":"i","119":"n","120":"g","121":"s","122":"\"","123":":","124":"\"","125":";","126":";","127":";","128":";","129":";","130":";","131":";","132":"e","133":"A","134":"K","135":"e","136":";","137":"E","138":"A","139":"C","140":"b","141":",","142":"I","143":"A","144":"A","145":"I","146":",","147":"E","148":"A","149":"A","150":"E","151":",","152":"c","153":"A","154":"A","155":"c","156":";","157":"E","158":"A","159":"C","160":"p","161":"B","162":",","163":"I","164":"A","165":"A","166":"I","167":",","168":"G","169":"A","170":"A","171":"G","172":";","173":"I","174":"A","175":"C","176":"L","177":",","178":"O","179":"A","180":"A","181":"O","182":";","183":"M","184":"A","185":"C","186":"L","187":",","188":"S","189":"A","190":"A","191":"S","192":",","193":"E","194":"A","195":"C","196":"P","197":";","198":"I","199":"A","200":"C","201":"J","202":",","203":"C","204":"A","205":"A","206":"C","207":";","208":"E","209":"A","210":"C","211":"H","212":";","213":"A","214":"A","215":"C","216":"F","217":",","218":"C","219":"A","220":"A","221":"C","222":";","223":"A","224":"A","225":"A","226":"A","227":";","228":"A","229":"A","230":"A","231":"A","232":"\"","233":",","234":"\"","235":"f","236":"i","237":"l","238":"e","239":"\"","240":":","241":"\"","242":"C","243":":","244":"\\","245":"\\","246":"U","247":"s","248":"e","249":"r","250":"s","251":"\\","252":"\\","253":"A","254":"D","255":"M","256":"I","257":"N","258":"\\","259":"\\","260":"D","261":"e","262":"s","263":"k","264":"t","265":"o","266":"p","267":"\\","268":"\\","269":"l","270":"e","271":"a","272":"r","273":"n","274":"i","275":"n","276":"g","277":"_","278":"v","279":"u","280":"e","281":"\\","282":"\\","283":"s","284":"r","285":"c","286":"\\","287":"\\","288":"c","289":"o","290":"m","291":"p","292":"o","293":"n","294":"e","295":"n","296":"t","297":"s","298":"\\","299":"\\","300":"P","301":"r","302":"o","303":"f","304":"i","305":"l","306":"e","307":"I","308":"m","309":"a","310":"g","311":"e","312":".","313":"v","314":"u","315":"e","316":"\"","317":",","318":"\"","319":"s","320":"o","321":"u","322":"r","323":"c","324":"e","325":"s","326":"C","327":"o","328":"n","329":"t","330":"e","331":"n","332":"t","333":"\"","334":":","335":"[","336":"\"","337":"<","338":"t","339":"e","340":"m","341":"p","342":"l","343":"a","344":"t","345":"e","346":">","347":"\\","348":"n","349":" ","350":" ","351":"<","352":"i","353":"m","354":"g","355":" ","356":":","357":"s","358":"r","359":"c","360":"=","361":"\\","362":"\"","363":"i","364":"m","365":"a","366":"g","367":"e","368":"L","369":"i","370":"n","371":"k","372":"\\","373":"\"","374":" ","375":"c","376":"l","377":"a","378":"s","379":"s","380":"=","381":"\\","382":"\"","383":"w","384":"-","385":"8","386":" ","387":"h","388":"-","389":"8","390":" ","391":"o","392":"b","393":"j","394":"e","395":"c","396":"t","397":"-","398":"c","399":"o","400":"n","401":"t","402":"a","403":"i","404":"n","405":" ","406":"r","407":"o","408":"u","409":"n","410":"d","411":"e","412":"d","413":"-","414":"3","415":"x","416":"l","417":"\\","418":"\"","419":" ","420":"/","421":">","422":"\\","423":"n","424":"<","425":"/","426":"t","427":"e","428":"m","429":"p","430":"l","431":"a","432":"t","433":"e","434":">","435":"\\","436":"n","437":"\\","438":"n","439":"<","440":"s","441":"c","442":"r","443":"i","444":"p","445":"t","446":">","447":"\\","448":"n","449":"e","450":"x","451":"p","452":"o","453":"r","454":"t","455":" ","456":"d","457":"e","458":"f","459":"a","460":"u","461":"l","462":"t","463":" ","464":"{","465":"\\","466":"n","467":" ","468":" ","469":"n","470":"a","471":"m","472":"e","473":":","474":" ","475":"\\","476":"\"","477":"P","478":"r","479":"o","480":"f","481":"i","482":"l","483":"e","484":"I","485":"m","486":"a","487":"g","488":"e","489":"\\","490":"\"","491":",","492":"\\","493":"n","494":" ","495":" ","496":"d","497":"a","498":"t","499":"a","500":"(","501":")","502":" ","503":"{","504":"\\","505":"n","506":" ","507":" ","508":" ","509":" ","510":"r","511":"e","512":"t","513":"u","514":"r","515":"n","516":" ","517":"{","518":"\\","519":"n","520":" ","521":" ","522":" ","523":" ","524":" ","525":" ","526":"i","527":"m","528":"a","529":"g","530":"e","531":"L","532":"i","533":"n","534":"k","535":":","536":"\\","537":"n","538":" ","539":" ","540":" ","541":" ","542":" ","543":" ","544":" ","545":" ","546":"\\","547":"\"","548":"h","549":"t","550":"t","551":"p","552":"s","553":":","554":"/","555":"/","556":"w","557":"w","558":"w","559":".","560":"p","561":"n","562":"g","563":"i","564":"t","565":"e","566":"m","567":".","568":"c","569":"o","570":"m","571":"/","572":"p","573":"i","574":"m","575":"g","576":"s","577":"/","578":"m","579":"/","580":"4","581":"8","582":"7","583":"-","584":"4","585":"8","586":"7","587":"6","588":"4","589":"1","590":"7","591":"_","592":"l","593":"i","594":"n","595":"k","596":"-","597":"h","598":"e","599":"a","600":"d","601":"-","602":"p","603":"n","604":"g","605":"-","606":"t","607":"o","608":"o","609":"n","610":"-","611":"l","612":"i","613":"n","614":"k","615":"-","616":"f","617":"a","618":"c","619":"e","620":"-","621":"p","622":"n","623":"g","624":"-","625":"t","626":"r","627":"a","628":"n","629":"s","630":"p","631":"a","632":"r","633":"e","634":"n","635":"t","636":".","637":"p","638":"n","639":"g","640":"\\","641":"\"","642":",","643":"\\","644":"n","645":" ","646":" ","647":" ","648":" ","649":"}","650":";","651":"\\","652":"n","653":" ","654":" ","655":"}","656":",","657":"\\","658":"n","659":"}","660":";","661":"\\","662":"n","663":"<","664":"/","665":"s","666":"c","667":"r","668":"i","669":"p","670":"t","671":">","672":"\\","673":"n","674":"\"","675":"]","676":"}"},"_coverageSchema":"1a1c01bbd47fc00a2c39e90264f33305004495a9","hash":"5e35d8aadffc1cdcde72df322cf25a865b796e64"}
,"C:\\Users\\ADMIN\\Desktop\\learning_vue\\src\\components\\SubNav.vue": {"path":"C:\\Users\\ADMIN\\Desktop\\learning_vue\\src\\components\\SubNav.vue","statementMap":{"0":{"start":{"line":4,"column":0},"end":{"line":6,"column":3}},"1":{"start":{"line":7,"column":0},"end":{"line":7,"column":25}},"2":{"start":{"line":8,"column":15},"end":{"line":15,"column":1}},"3":{"start":{"line":11,"column":4},"end":{"line":13,"column":6}},"4":{"start":{"line":18,"column":0},"end":{"line":18,"column":13}},"5":{"start":{"line":20,"column":0},"end":{"line":22,"column":3}},"6":{"start":{"line":23,"column":0},"end":{"line":23,"column":24}},"7":{"start":{"line":24,"column":11},"end":{"line":24,"column":25}},"8":{"start":{"line":25,"column":19},"end":{"line":27,"column":1}},"9":{"start":{"line":28,"column":19},"end":{"line":30,"column":1}},"10":{"start":{"line":31,"column":19},"end":{"line":34,"column":1}},"11":{"start":{"line":35,"column":32},"end":{"line":37,"column":88}},"12":{"start":{"line":40,"column":39},"end":{"line":40,"column":86}},"13":{"start":{"line":41,"column":2},"end":{"line":44,"column":69}},"14":{"start":{"line":45,"column":2},"end":{"line":45,"column":49}}},"fnMap":{"0":{"name":"(anonymous_0)","decl":{"start":{"line":10,"column":2},"end":{"line":10,"column":3}},"loc":{"start":{"line":10,"column":9},"end":{"line":14,"column":3}},"line":10},"1":{"name":"render","decl":{"start":{"line":39,"column":9},"end":{"line":39,"column":15}},"loc":{"start":{"line":39,"column":30},"end":{"line":45,"column":1}},"line":39}},"branchMap":{"0":{"loc":{"start":{"line":41,"column":130},"end":{"line":44,"column":64}},"type":"cond-expr","locations":[{"start":{"line":41,"column":155},"end":{"line":44,"column":18}},{"start":{"line":44,"column":22},"end":{"line":44,"column":64}}],"line":41}},"s":{"0":2,"1":2,"2":2,"3":2,"4":2,"5":2,"6":2,"7":2,"8":2,"9":2,"10":2,"11":2,"12":2,"13":2,"14":2},"f":{"0":2,"1":2},"b":{"0":[1,1]},"inputSourceMap":{"0":"{","1":"\"","2":"v","3":"e","4":"r","5":"s","6":"i","7":"o","8":"n","9":"\"","10":":","11":"3","12":",","13":"\"","14":"s","15":"o","16":"u","17":"r","18":"c","19":"e","20":"s","21":"\"","22":":","23":"[","24":"\"","25":"C","26":":","27":"\\","28":"\\","29":"U","30":"s","31":"e","32":"r","33":"s","34":"\\","35":"\\","36":"A","37":"D","38":"M","39":"I","40":"N","41":"\\","42":"\\","43":"D","44":"e","45":"s","46":"k","47":"t","48":"o","49":"p","50":"\\","51":"\\","52":"l","53":"e","54":"a","55":"r","56":"n","57":"i","58":"n","59":"g","60":"_","61":"v","62":"u","63":"e","64":"\\","65":"\\","66":"s","67":"r","68":"c","69":"\\","70":"\\","71":"c","72":"o","73":"m","74":"p","75":"o","76":"n","77":"e","78":"n","79":"t","80":"s","81":"\\","82":"\\","83":"S","84":"u","85":"b","86":"N","87":"a","88":"v","89":".","90":"v","91":"u","92":"e","93":"\"","94":"]","95":",","96":"\"","97":"n","98":"a","99":"m","100":"e","101":"s","102":"\"","103":":","104":"[","105":"]","106":",","107":"\"","108":"m","109":"a","110":"p","111":"p","112":"i","113":"n","114":"g","115":"s","116":"\"","117":":","118":"\"","119":";","120":";","121":";","122":";","123":";","124":";","125":";","126":"e","127":"A","128":"Y","129":"e","130":";","131":"E","132":"A","133":"C","134":"b","135":",","136":"I","137":"A","138":"A","139":"I","140":",","141":"E","142":"A","143":"A","144":"E","145":",","146":"Q","147":"A","148":"A","149":"Q","150":";","151":"E","152":"A","153":"C","154":"d","155":",","156":"I","157":"A","158":"A","159":"I","160":",","161":"G","162":"A","163":"A","164":"G","165":";","166":"I","167":"A","168":"C","169":"L","170":",","171":"O","172":"A","173":"A","174":"O","175":";","176":"M","177":"A","178":"C","179":"L","180":",","181":"g","182":"B","183":"A","184":"A","185":"g","186":"B","187":",","188":"E","189":"A","190":"A","191":"E","192":";","193":"I","194":"A","195":"C","196":"p","197":"B","198":",","199":"C","200":"A","201":"A","202":"C","203":";","204":"E","205":"A","206":"C","207":"H","208":";","209":"A","210":"A","211":"C","212":"F","213":",","214":"C","215":"A","216":"A","217":"C","218":";","219":"A","220":"A","221":"A","222":"A","223":";","224":"A","225":"A","226":"A","227":"A","228":"\"","229":",","230":"\"","231":"f","232":"i","233":"l","234":"e","235":"\"","236":":","237":"\"","238":"C","239":":","240":"\\","241":"\\","242":"U","243":"s","244":"e","245":"r","246":"s","247":"\\","248":"\\","249":"A","250":"D","251":"M","252":"I","253":"N","254":"\\","255":"\\","256":"D","257":"e","258":"s","259":"k","260":"t","261":"o","262":"p","263":"\\","264":"\\","265":"l","266":"e","267":"a","268":"r","269":"n","270":"i","271":"n","272":"g","273":"_","274":"v","275":"u","276":"e","277":"\\","278":"\\","279":"s","280":"r","281":"c","282":"\\","283":"\\","284":"c","285":"o","286":"m","287":"p","288":"o","289":"n","290":"e","291":"n","292":"t","293":"s","294":"\\","295":"\\","296":"S","297":"u","298":"b","299":"N","300":"a","301":"v","302":".","303":"v","304":"u","305":"e","306":"\"","307":",","308":"\"","309":"s","310":"o","311":"u","312":"r","313":"c","314":"e","315":"s","316":"C","317":"o","318":"n","319":"t","320":"e","321":"n","322":"t","323":"\"","324":":","325":"[","326":"\"","327":"<","328":"t","329":"e","330":"m","331":"p","332":"l","333":"a","334":"t","335":"e","336":">","337":"\\","338":"n","339":" ","340":" ","341":"<","342":"d","343":"i","344":"v","345":" ","346":"c","347":"l","348":"a","349":"s","350":"s","351":"=","352":"\\","353":"\"","354":"w","355":"-","356":"f","357":"u","358":"l","359":"l","360":" ","361":"h","362":"-","363":"1","364":"6","365":" ","366":"b","367":"g","368":"-","369":"w","370":"h","371":"i","372":"t","373":"e","374":" ","375":"b","376":"o","377":"r","378":"d","379":"e","380":"r","381":"-","382":"b","383":" ","384":"b","385":"o","386":"r","387":"d","388":"e","389":"r","390":"-","391":"s","392":"o","393":"l","394":"i","395":"d","396":" ","397":"b","398":"o","399":"r","400":"d","401":"e","402":"r","403":"-","404":"b","405":"r","406":"a","407":"n","408":"d","409":"-","410":"g","411":"r","412":"a","413":"y","414":"-","415":"1","416":"\\","417":"\"","418":">","419":"\\","420":"n","421":" ","422":" ","423":" ","424":" ","425":"<","426":"d","427":"i","428":"v","429":" ","430":"c","431":"l","432":"a","433":"s","434":"s","435":"=","436":"\\","437":"\"","438":"f","439":"l","440":"e","441":"x","442":" ","443":"i","444":"t","445":"e","446":"m","447":"s","448":"-","449":"c","450":"e","451":"n","452":"t","453":"e","454":"r","455":" ","456":"h","457":"-","458":"f","459":"u","460":"l","461":"l","462":" ","463":"p","464":"x","465":"-","466":"8","467":"\\","468":"\"","469":">","470":"\\","471":"n","472":" ","473":" ","474":" ","475":" ","476":" ","477":" ","478":"<","479":"d","480":"i","481":"v","482":" ","483":"v","484":"-","485":"i","486":"f","487":"=","488":"\\","489":"\"","490":"o","491":"n","492":"J","493":"o","494":"b","495":"R","496":"e","497":"s","498":"u","499":"l","500":"t","501":"P","502":"a","503":"g","504":"e","505":"s","506":"\\","507":"\"","508":" ","509":"d","510":"a","511":"t","512":"a","513":"-","514":"t","515":"e","516":"s","517":"t","518":"=","519":"\\","520":"\"","521":"j","522":"o","523":"b","524":"-","525":"c","526":"o","527":"u","528":"n","529":"t","530":"\\","531":"\"","532":">","533":"\\","534":"n","535":" ","536":" ","537":" ","538":" ","539":" ","540":" ","541":" ","542":" ","543":"<","544":"f","545":"o","546":"n","547":"t","548":"-","549":"a","550":"w","551":"e","552":"s","553":"o","554":"m","555":"e","556":"-","557":"i","558":"c","559":"o","560":"n","561":" ","562":":","563":"i","564":"c","565":"o","566":"n","567":"=","568":"\\","569":"\"","570":"[","571":"'","572":"f","573":"a","574":"s","575":"'","576":",","577":" ","578":"'","579":"s","580":"e","581":"a","582":"r","583":"c","584":"h","585":"'","586":"]","587":"\\","588":"\"","589":" ","590":"c","591":"l","592":"a","593":"s","594":"s","595":"=","596":"\\","597":"\"","598":"m","599":"r","600":"-","601":"3","602":"\\","603":"\"","604":" ","605":"/","606":">","607":"\\","608":"n","609":" ","610":" ","611":" ","612":" ","613":" ","614":" ","615":" ","616":" ","617":"<","618":"s","619":"p","620":"a","621":"n","622":">","623":" ","624":"<","625":"s","626":"p","627":"a","628":"n","629":" ","630":"c","631":"l","632":"a","633":"s","634":"s","635":"=","636":"\\","637":"\"","638":"t","639":"e","640":"x","641":"t","642":"-","643":"b","644":"r","645":"a","646":"n","647":"d","648":"-","649":"g","650":"r","651":"e","652":"e","653":"n","654":"-","655":"1","656":"\\","657":"\"","658":">","659":"1","660":"6","661":"5","662":"0","663":"<","664":"/","665":"s","666":"p","667":"a","668":"n","669":">","670":" ","671":"j","672":"o","673":"b","674":"s","675":" ","676":"m","677":"a","678":"t","679":"c","680":"h","681":"e","682":"d","683":" ","684":"<","685":"/","686":"s","687":"p","688":"a","689":"n","690":">","691":"\\","692":"n","693":" ","694":" ","695":" ","696":" ","697":" ","698":" ","699":"<","700":"/","701":"d","702":"i","703":"v","704":">","705":"\\","706":"n","707":" ","708":" ","709":" ","710":" ","711":"<","712":"/","713":"d","714":"i","715":"v","716":">","717":"\\","718":"n","719":" ","720":" ","721":"<","722":"/","723":"d","724":"i","725":"v","726":">","727":"\\","728":"n","729":"<","730":"/","731":"t","732":"e","733":"m","734":"p","735":"l","736":"a","737":"t","738":"e","739":">","740":"\\","741":"n","742":"\\","743":"n","744":"<","745":"s","746":"c","747":"r","748":"i","749":"p","750":"t","751":">","752":"\\","753":"n","754":"e","755":"x","756":"p","757":"o","758":"r","759":"t","760":" ","761":"d","762":"e","763":"f","764":"a","765":"u","766":"l","767":"t","768":" ","769":"{","770":"\\","771":"n","772":" ","773":" ","774":"n","775":"a","776":"m","777":"e","778":":","779":" ","780":"\\","781":"\"","782":"S","783":"u","784":"b","785":"N","786":"a","787":"v","788":"\\","789":"\"","790":",","791":"\\","792":"n","793":" ","794":" ","795":"d","796":"a","797":"t","798":"a","799":"(","800":")","801":" ","802":"{","803":"\\","804":"n","805":" ","806":" ","807":" ","808":" ","809":"r","810":"e","811":"t","812":"u","813":"r","814":"n","815":" ","816":"{","817":"\\","818":"n","819":" ","820":" ","821":" ","822":" ","823":" ","824":" ","825":"o","826":"n","827":"J","828":"o","829":"b","830":"R","831":"e","832":"s","833":"u","834":"l","835":"t","836":"P","837":"a","838":"g","839":"e","840":"s","841":":","842":" ","843":"t","844":"r","845":"u","846":"e","847":",","848":"\\","849":"n","850":" ","851":" ","852":" ","853":" ","854":"}","855":";","856":"\\","857":"n","858":" ","859":" ","860":"}","861":",","862":"\\","863":"n","864":"}","865":";","866":"\\","867":"n","868":"<","869":"/","870":"s","871":"c","872":"r","873":"i","874":"p","875":"t","876":">","877":"\\","878":"n","879":"\"","880":"]","881":"}"},"_coverageSchema":"1a1c01bbd47fc00a2c39e90264f33305004495a9","hash":"ccfb6da158b9d82f6b97343e75747f40c827df40"}
}
