TN:
SF:src\components\ActionButton.vue
FN:18,(anonymous_0)
FN:24,(anonymous_1)
FN:31,(anonymous_2)
FN:45,render
FNF:4
FNH:1
FNDA:4,(anonymous_0)
FNDA:0,(anonymous_1)
FNDA:0,(anonymous_2)
FNDA:0,render
DA:4,1
DA:7,1
DA:8,1
DA:19,4
DA:25,0
DA:32,0
DA:38,1
DA:40,1
DA:43,1
DA:44,1
DA:46,0
DA:49,1
LF:12
LH:9
BRF:0
BRH:0
end_of_record
TN:
SF:src\components\MainNav.vue
FN:92,render
FN:100,(anonymous_1)
FNF:2
FNH:2
FNDA:6,render
FNDA:42,(anonymous_1)
DA:4,1
DA:5,1
DA:8,1
DA:59,1
DA:61,1
DA:64,1
DA:65,1
DA:66,1
DA:69,1
DA:72,1
DA:75,1
DA:76,1
DA:79,1
DA:82,1
DA:85,1
DA:89,1
DA:93,6
DA:94,6
DA:95,6
DA:96,6
DA:101,42
DA:118,1
LF:22
LH:22
BRDA:105,0,0,2
BRDA:105,0,1,4
BRDA:114,1,0,2
BRDA:114,1,1,4
BRF:4
BRH:4
end_of_record
TN:
SF:src\components\ProfileImage.vue
FN:10,(anonymous_0)
FN:26,render
FNF:2
FNH:2
FNDA:1,(anonymous_0)
FNDA:1,render
DA:4,2
DA:7,2
DA:8,2
DA:11,1
DA:18,2
DA:20,2
DA:23,2
DA:24,2
DA:25,2
DA:27,1
DA:31,2
LF:11
LH:11
BRF:0
BRH:0
end_of_record
TN:
SF:src\components\SubNav.vue
FN:10,(anonymous_0)
FN:39,render
FNF:2
FNH:2
FNDA:2,(anonymous_0)
FNDA:2,render
DA:4,2
DA:7,2
DA:8,2
DA:11,2
DA:18,2
DA:20,2
DA:23,2
DA:24,2
DA:25,2
DA:28,2
DA:31,2
DA:35,2
DA:40,2
DA:41,2
DA:45,2
LF:15
LH:15
BRDA:41,0,0,1
BRDA:41,0,1,1
BRF:2
BRH:2
end_of_record
